{"win":{"system":{"providerName":"Microsoft-Windows-Sysmon","providerGuid":"{5770385f-c22a-43e0-bf4c-06f5698ffbd9}","eventID":"11","version":"2","level":"4","task":"11","opcode":"0","keywords":"0x8000000000000000","channel":"Microsoft-Windows-Sysmon/Operational","computer":"lab-windows-endpoint","severityValue":"INFORMATION","systemTime":"2026-01-01T12:00:01.0000000Z","eventRecordID":"10001","processID":"4000","threadID":"4001"},"eventdata":{"utcTime":"2026-01-01 12:00:01.000","processGuid":"{00000000-0000-0000-0000-000000000001}","processId":"4000","image":"C:\\Windows\\System32\\WindowsPowerShell\\v1.0\\powershell.exe","targetFilename":"C:\\Users\\test-user\\AppData\\Local\\Temp\\__PSScriptPolicyTest_1234567890.ps1","creationUtcTime":"2026-01-01 12:00:01.000","user":"lab-windows-endpoint\\test-user"}}}
{"win":{"system":{"providerName":"Microsoft-Windows-Sysmon","providerGuid":"{5770385f-c22a-43e0-bf4c-06f5698ffbd9}","eventID":"11","version":"2","level":"4","task":"11","opcode":"0","keywords":"0x8000000000000000","channel":"Microsoft-Windows-Sysmon/Operational","computer":"lab-windows-endpoint","severityValue":"INFORMATION","systemTime":"2026-01-01T12:00:02.0000000Z","eventRecordID":"10002","processID":"4000","threadID":"4001"},"eventdata":{"utcTime":"2026-01-01 12:00:02.000","processGuid":"{00000000-0000-0000-0000-000000000001}","processId":"4000","image":"C:\\Windows\\System32\\WindowsPowerShell\\v1.0\\powershell.exe","targetFilename":"C:\\Windows\\Temp\\__PSScriptPolicyTest_NEGPATH_1234567890.ps1","creationUtcTime":"2026-01-01 12:00:02.000","user":"lab-windows-endpoint\\test-user"}}}
{"win":{"system":{"providerName":"Microsoft-Windows-Sysmon","providerGuid":"{5770385f-c22a-43e0-bf4c-06f5698ffbd9}","eventID":"11","version":"2","level":"4","task":"11","opcode":"0","keywords":"0x8000000000000000","channel":"Microsoft-Windows-Sysmon/Operational","computer":"lab-windows-endpoint","severityValue":"INFORMATION","systemTime":"2026-01-01T12:00:03.0000000Z","eventRecordID":"10003","processID":"4000","threadID":"4001"},"eventdata":{"utcTime":"2026-01-01 12:00:03.000","processGuid":"{00000000-0000-0000-0000-000000000001}","processId":"4000","image":"C:\\Windows\\System32\\WindowsPowerShell\\v1.0\\powershell.exe","targetFilename":"C:\\Users\\test-user\\AppData\\Local\\Temp\\Wazuh_NEGFILENAME_1234567890.ps1","creationUtcTime":"2026-01-01 12:00:03.000","user":"lab-windows-endpoint\\test-user"}}}
{"win":{"system":{"providerName":"Microsoft-Windows-Sysmon","providerGuid":"{5770385f-c22a-43e0-bf4c-06f5698ffbd9}","eventID":"11","version":"2","level":"4","task":"11","opcode":"0","keywords":"0x8000000000000000","channel":"Microsoft-Windows-Sysmon/Operational","computer":"lab-windows-endpoint","severityValue":"INFORMATION","systemTime":"2026-01-01T12:00:04.0000000Z","eventRecordID":"10004","processID":"4000","threadID":"4001"},"eventdata":{"utcTime":"2026-01-01 12:00:04.000","processGuid":"{00000000-0000-0000-0000-000000000001}","processId":"4000","image":"C:\\Windows\\System32\\cmd.exe","targetFilename":"C:\\Users\\test-user\\AppData\\Local\\Temp\\__PSScriptPolicyTest_NEGIMAGE_1234567890.ps1","creationUtcTime":"2026-01-01 12:00:04.000","user":"lab-windows-endpoint\\test-user"}}}
